C51 COMPILER V9.59.0.0   MAIN                                                              10/28/2025 18:36:35 PAGE 1   


C51 COMPILER V9.59.0.0, COMPILATION OF MODULE MAIN
OBJECT MODULE PLACED IN .\Objects\main.obj
COMPILER INVOKED BY: D:\software\keil\C51\BIN\C51.EXE main.c OPTIMIZE(8,SPEED) BROWSE DEBUG OBJECTEXTEND PRINT(.\Listing
                    -s\main.lst) TABS(2) OBJECT(.\Objects\main.obj)

line level    source

   1          #include <REGX52.H>
   2          #define _CRT_SECURE_NO_WARNINGS
   3          
   4          
   5          
   6          void Delay1ms()   //@11.0592MHz
   7          {
   8   1        unsigned char i, j;
   9   1      
  10   1        
  11   1        i = 11;
  12   1        j = 190;
  13   1        do
  14   1        {
  15   2          while (--j);
  16   2        } while (--i);
  17   1      }
  18          
  19          
  20          sbit WE = P2^7;
  21          sbit DU = P2^6;
  22          int main()
  23          {
  24   1        while (1)
  25   1        {
  26   2      
  27   2      
  28   2          WE = 1;
  29   2          P0 = 0xfe;
  30   2          WE = 0;
  31   2          DU = 1;
  32   2          P0 = 0x06;
  33   2          DU = 0;
  34   2          Delay1ms();
  35   2          
  36   2         
  37   2          WE = 1;
  38   2          P0 =0xfd;
  39   2          WE = 0;
  40   2          DU = 1;
  41   2          P0 = 0x5b;
  42   2          DU = 0;
  43   2          Delay1ms();
  44   2      
  45   2          
  46   2          WE = 1;
  47   2          P0 = 0xfb;
  48   2          WE = 0;
  49   2          DU = 1;
  50   2          P0 = 0x4f;
  51   2          DU = 0;
  52   2          Delay1ms();
  53   2        }
  54   1        
C51 COMPILER V9.59.0.0   MAIN                                                              10/28/2025 18:36:35 PAGE 2   

  55   1      }


MODULE INFORMATION:   STATIC OVERLAYABLE
   CODE SIZE        =     62    ----
   CONSTANT SIZE    =   ----    ----
   XDATA SIZE       =   ----    ----
   PDATA SIZE       =   ----    ----
   DATA SIZE        =   ----    ----
   IDATA SIZE       =   ----    ----
   BIT SIZE         =   ----    ----
END OF MODULE INFORMATION.


C51 COMPILATION COMPLETE.  0 WARNING(S),  0 ERROR(S)
