C51 COMPILER V9.59.0.0   MODESWITCH                                                        12/16/2025 00:08:35 PAGE 1   


C51 COMPILER V9.59.0.0, COMPILATION OF MODULE MODESWITCH
OBJECT MODULE PLACED IN .\Objects\modeswitch.obj
COMPILER INVOKED BY: D:\software\keil\C51\BIN\C51.EXE modeswitch.c OPTIMIZE(8,SPEED) BROWSE DEBUG OBJECTEXTEND PRINT(.\L
                    -istings\modeswitch.lst) TABS(2) OBJECT(.\Objects\modeswitch.obj)

line level    source

   1          #include "modeswitch.h"
   2          #include <globalvars.h>
   3          #include "LCD1602.h"
   4          #include "show.h"
   5          // 模式切换
   6          void mode_switch() 
   7          {
   8   1          mode++;
   9   1          if(mode > VIEW_RECORD) mode = CALENDAR;  // 保证循环切换：日历→倒计时→秒表→查看→日历
  10   1          LCD_WriteCommand(0x01);  // 清屏
  11   1          // 切换到哪个模式，就调用哪个模式的显示函数
  12   1          switch(mode) 
  13   1          {
  14   2              case CALENDAR: show_calendar(); break;
  15   2              case COUNTDOWN: show_countdown(); break;
  16   2              case STOPWATCH: show_stopwatch(); break;
  17   2              case VIEW_RECORD: show_records(); break;  
  18   2          }
  19   1      }


MODULE INFORMATION:   STATIC OVERLAYABLE
   CODE SIZE        =     49    ----
   CONSTANT SIZE    =   ----    ----
   XDATA SIZE       =   ----    ----
   PDATA SIZE       =   ----    ----
   DATA SIZE        =   ----    ----
   IDATA SIZE       =   ----    ----
   BIT SIZE         =   ----    ----
END OF MODULE INFORMATION.


C51 COMPILATION COMPLETE.  0 WARNING(S),  0 ERROR(S)
