C51 COMPILER V9.59.0.0   TIMER                                                             12/16/2025 00:08:36 PAGE 1   


C51 COMPILER V9.59.0.0, COMPILATION OF MODULE TIMER
OBJECT MODULE PLACED IN .\Objects\timer.obj
COMPILER INVOKED BY: D:\software\keil\C51\BIN\C51.EXE timer.c OPTIMIZE(8,SPEED) BROWSE DEBUG OBJECTEXTEND PRINT(.\Listin
                    -gs\timer.lst) TABS(2) OBJECT(.\Objects\timer.obj)

line level    source

   1          #include <globalvars.h>
   2          #include "timer.h"
   3          #include <intrins.h>
   4          #include <REGX52.H>
   5          // 定时器0初始化（1ms中断，硬件级精准计时）
   6          // 定时器0初始化（修复：统一1ms初值）
   7          void Timer0_Init() 
   8          {
   9   1          TMOD &= 0xF0;
  10   1          TMOD |= 0x01;  // 定时器0工作模式1（16位自动重装）
  11   1          TH0 = 0xFC;  // 高8位
  12   1          TL0 = 0x67;  // 低8位
  13   1          ET0 = 1;     // 允许定时器0中断
  14   1          EA = 1;      // 总中断允许
  15   1          TR0 = 1;     // 启动定时器0
  16   1      }
  17          
  18          // 定时器0中断服务函数
  19          void timer0_isr() interrupt 1 
  20          {
  21   1          // 重装载1ms初值（与初始化一致）
  22   1          TH0 = 0xFC;
  23   1          TL0 = 0x67;
  24   1          ms_cnt++;              // 毫秒计数+1
  25   1          flag_1ms = 1;          // 1ms标志位
  26   1          
  27   1          if (ms_cnt % 1000 == 0) // 每1000ms=1秒
  28   1          {  
  29   2              flag_1s = 1;           // 1秒标志位
  30   2          }
  31   1      }


MODULE INFORMATION:   STATIC OVERLAYABLE
   CODE SIZE        =     89    ----
   CONSTANT SIZE    =   ----    ----
   XDATA SIZE       =   ----    ----
   PDATA SIZE       =   ----    ----
   DATA SIZE        =   ----    ----
   IDATA SIZE       =   ----    ----
   BIT SIZE         =   ----    ----
END OF MODULE INFORMATION.


C51 COMPILATION COMPLETE.  0 WARNING(S),  0 ERROR(S)
