C51 COMPILER V9.54   MAIN                                                                  10/18/2025 14:45:15 PAGE 1   


C51 COMPILER V9.54, COMPILATION OF MODULE MAIN
OBJECT MODULE PLACED IN .\Objects\main.obj
COMPILER INVOKED BY: D:\software\keil5\C51\BIN\C51.EXE main.c OPTIMIZE(8,SPEED) BROWSE DEBUG OBJECTEXTEND PRINT(.\Listin
                    -gs\main.lst) TABS(2) OBJECT(.\Objects\main.obj)

line level    source

   1          #include <REGX52.H>
   2          #define _CRT_SECURE_NO_WARNINGS
   3          //#include <reg52.h>
   4          #include <intrins.h>
   5          #define uint unsigned int
   6          #define uchar unsigned char
   7          
   8          sbit WE=P2^7;
   9          sbit DU=P2^6;
  10          int main()
  11          {
  12   1        WE = 1;
  13   1        P0_7 = 0;
  14   1        WE = 0;
  15   1        DU = 1;
  16   1        P0 = 0x7d;
  17   1        DU = 0; 
  18   1        while (1)
  19   1        {
  20   2      
  21   2        }
  22   1      
  23   1      }


MODULE INFORMATION:   STATIC OVERLAYABLE
   CODE SIZE        =     15    ----
   CONSTANT SIZE    =   ----    ----
   XDATA SIZE       =   ----    ----
   PDATA SIZE       =   ----    ----
   DATA SIZE        =   ----    ----
   IDATA SIZE       =   ----    ----
   BIT SIZE         =   ----    ----
END OF MODULE INFORMATION.


C51 COMPILATION COMPLETE.  0 WARNING(S),  0 ERROR(S)
