C51 COMPILER V9.59.0.0   RTC_ISR                                                           11/13/2025 00:58:29 PAGE 1   


C51 COMPILER V9.59.0.0, COMPILATION OF MODULE RTC_ISR
OBJECT MODULE PLACED IN .\Objects\rtc_isr.obj
COMPILER INVOKED BY: D:\software\keil\C51\BIN\C51.EXE rtc_isr.c OPTIMIZE(8,SPEED) BROWSE DEBUG OBJECTEXTEND PRINT(.\List
                    -ings\rtc_isr.lst) TABS(2) OBJECT(.\Objects\rtc_isr.obj)

line level    source

   1          // rtc_isr.c
   2          #include "rtc.h"
   3          
   4          // 全局标志位（需在主文件中声明为extern）
   5          extern bit flag_1s;  // 1秒中断标志（用于触发日历更新）
   6          
   7          /**
   8           * @brief  RTC秒中断服务函数（每秒触发一次）
   9           * @note   STC89C52的RTC中断号为13（需根据实际型号确认）
  10           */
  11          void RTC_ISR(void) interrupt 13 {
  12   1          RTC_ClearIntFlag();  // 清除中断标志，避免重复触发
*** WARNING C206 IN LINE 12 OF rtc_isr.c: 'RTC_ClearIntFlag': missing function-prototype
  13   1          flag_1s = 1;         // 置位1秒标志，通知主程序更新日历
  14   1      }


MODULE INFORMATION:   STATIC OVERLAYABLE
   CODE SIZE        =     61    ----
   CONSTANT SIZE    =   ----    ----
   XDATA SIZE       =   ----    ----
   PDATA SIZE       =   ----    ----
   DATA SIZE        =   ----    ----
   IDATA SIZE       =   ----    ----
   BIT SIZE         =   ----    ----
END OF MODULE INFORMATION.


C51 COMPILATION COMPLETE.  1 WARNING(S),  0 ERROR(S)
