C51 COMPILER V9.59.0.0   SEE_LCD1602                                                       11/22/2025 21:25:11 PAGE 1   


C51 COMPILER V9.59.0.0, COMPILATION OF MODULE SEE_LCD1602
OBJECT MODULE PLACED IN .\Objects\see_lcd1602.obj
COMPILER INVOKED BY: D:\software\keil\C51\BIN\C51.EXE see_lcd1602.c OPTIMIZE(8,SPEED) BROWSE DEBUG OBJECTEXTEND PRINT(.\
                    -Listings\see_lcd1602.lst) TABS(2) OBJECT(.\Objects\see_lcd1602.obj)

line level    source

   1          #include "LCD1602.h"
   2          #include "timecount.h"
*** WARNING C318 IN LINE 2 OF see_lcd1602.c: can't open file 'timecount.h'
   3          #include "timer.h"
*** WARNING C318 IN LINE 3 OF see_lcd1602.c: can't open file 'timer.h'
   4          
   5          //**************************************************************/
   6          
   7          
   8          
   9          void see_lcd1602(unsigned char ledbuff[])//时钟菜单
  10          {
  11   1        
  12   1      
  13   1      LCD_ShowChar(1,7,'-');  
  14   1      LCD_ShowChar(1,10,'-'); 
  15   1      LCD_ShowChar(2,5,':');  
  16   1      LCD_ShowChar(2,8,':');  
  17   1        
  18   1      LCD_ShowSignedNum(1, 3, ledbuff[0], 4);  // 年（4位，合理）
  19   1      LCD_ShowSignedNum(1, 8, ledbuff[1], 2);  // 月（2位）
  20   1      LCD_ShowSignedNum(1, 11, ledbuff[2], 2); // 日（2位）
  21   1      LCD_ShowSignedNum(2, 3, ledbuff[3], 2);  // 时（2位）
  22   1      LCD_ShowSignedNum(2, 6, ledbuff[4], 2);  // 分（2位）
  23   1      LCD_ShowSignedNum(2, 9, ledbuff[5], 2);  // 秒（2位）
  24   1      }


MODULE INFORMATION:   STATIC OVERLAYABLE
   CODE SIZE        =    189    ----
   CONSTANT SIZE    =   ----    ----
   XDATA SIZE       =   ----    ----
   PDATA SIZE       =   ----    ----
   DATA SIZE        =   ----       3
   IDATA SIZE       =   ----    ----
   BIT SIZE         =   ----    ----
END OF MODULE INFORMATION.


C51 COMPILATION COMPLETE.  2 WARNING(S),  0 ERROR(S)
