C51 COMPILER V9.59.0.0   DELAY                                                             11/27/2025 14:45:36 PAGE 1   


C51 COMPILER V9.59.0.0, COMPILATION OF MODULE DELAY
OBJECT MODULE PLACED IN .\Objects\delay.obj
COMPILER INVOKED BY: D:\software\keil\C51\BIN\C51.EXE delay.c OPTIMIZE(8,SPEED) BROWSE INCDIR(..\创客校赛;.\Listings) DE
                    -BUG OBJECTEXTEND PRINT(.\Listings\delay.lst) TABS(2) OBJECT(.\Objects\delay.obj)

line level    source

   1          // 延时函数（适配11.0592MHz晶振）
   2          
   3          #include "delay.h"
   4          void delay_ms(unsigned int ms) 
   5          {
   6   1          unsigned int i, j;
   7   1          for(i = 0; i < ms; i++)
   8   1              for(j = 0; j < 112; j++);
   9   1      }


MODULE INFORMATION:   STATIC OVERLAYABLE
   CODE SIZE        =     32    ----
   CONSTANT SIZE    =   ----    ----
   XDATA SIZE       =   ----    ----
   PDATA SIZE       =   ----    ----
   DATA SIZE        =   ----    ----
   IDATA SIZE       =   ----    ----
   BIT SIZE         =   ----    ----
END OF MODULE INFORMATION.


C51 COMPILATION COMPLETE.  0 WARNING(S),  0 ERROR(S)
