C51 COMPILER V9.59.0.0   MAIN                                                              11/29/2025 15:30:04 PAGE 1   


C51 COMPILER V9.59.0.0, COMPILATION OF MODULE MAIN
OBJECT MODULE PLACED IN .\Objects\main.obj
COMPILER INVOKED BY: D:\software\keil\C51\BIN\C51.EXE main.c OPTIMIZE(8,SPEED) BROWSE INCDIR(..\创客校赛;.\Listings) DEB
                    -UG OBJECTEXTEND PRINT(.\Listings\main.lst) TABS(2) OBJECT(.\Objects\main.obj)

line level    source

   1          #include "calculator.h"
*** ERROR C202 IN LINE 38 OF calculator.h: 'P1': undefined identifier
*** ERROR C202 IN LINE 39 OF calculator.h: 'P1': undefined identifier
*** ERROR C202 IN LINE 40 OF calculator.h: 'P1': undefined identifier
*** ERROR C202 IN LINE 41 OF calculator.h: 'P1': undefined identifier
*** ERROR C202 IN LINE 42 OF calculator.h: 'P1': undefined identifier
*** ERROR C202 IN LINE 43 OF calculator.h: 'P1': undefined identifier
*** ERROR C202 IN LINE 44 OF calculator.h: 'P1': undefined identifier
*** ERROR C202 IN LINE 45 OF calculator.h: 'P1': undefined identifier
*** ERROR C202 IN LINE 47 OF calculator.h: 'P3': undefined identifier
*** ERROR C202 IN LINE 48 OF calculator.h: 'P3': undefined identifier
*** ERROR C202 IN LINE 49 OF calculator.h: 'P3': undefined identifier
*** ERROR C202 IN LINE 50 OF calculator.h: 'P3': undefined identifier
*** ERROR C202 IN LINE 53 OF calculator.h: 'P3': undefined identifier
*** ERROR C202 IN LINE 54 OF calculator.h: 'P3': undefined identifier
*** ERROR C202 IN LINE 55 OF calculator.h: 'P3': undefined identifier
   2          #include "delay.h"
   3          #include "LCD1602.h"
   4          #include "MatrixKey.h"
   5          #include "compute.h"
   6          //#include <REGX52.H>
   7          
   8          //////////////////////////////////////////////////////////////////////////////
   9          // 主函数
  10          void main(void) 
  11          {
  12   1          LCD_Init();
  13   1          reset_calc();
  14   1          while(1) 
  15   1          {
  16   2              unsigned char key_num = key_scan_all();  // 获取按键编号
  17   2              if(key_num != 0xFF) 
  18   2              {                   // 有按键按下
  19   3                  key_process(key_num);               // 处理按键（参数=按键编号）
  20   3                  disp_update();                      // 更新显示
  21   3              }
  22   2          }
  23   1      }
  24          //////////////////////////////////////////////////////////////////////////////
  25          
  26          
  27          

C51 COMPILATION COMPLETE.  0 WARNING(S),  15 ERROR(S)
