C51 COMPILER V9.59.0.0   MAIN                                                              12/02/2025 01:00:49 PAGE 1   


C51 COMPILER V9.59.0.0, COMPILATION OF MODULE MAIN
OBJECT MODULE PLACED IN .\Objects\main.obj
COMPILER INVOKED BY: D:\software\keil\C51\BIN\C51.EXE main.c OPTIMIZE(8,SPEED) BROWSE DEBUG OBJECTEXTEND PRINT(.\Listing
                    -s\main.lst) TABS(2) OBJECT(.\Objects\main.obj)

line level    source

   1          #include <REGX52.H>
   2          #include "delay.h"
   3          #include "LCD1602.h"
   4          #include "MatrixKey.h"
   5          unsigned char Keynum;
   6          unsigned int Password,count;
   7          void main()
   8          {
   9   1        LCD_Init();
  10   1        LCD_ShowString(1,1,"Password:");
  11   1        while (1)
  12   1        {
  13   2          Keynum=MatrixKey();
  14   2          if(Keynum)
  15   2          {
  16   3            if (Keynum <= 10) 
  17   3           {
  18   4        
  19   4            if(count<4)
  20   4            {
  21   5              Password *= 10;           
  22   5              Password += Keynum % 10;
  23   5              count++;
  24   5            }      
  25   4            LCD_ShowNum(2,1,Password,4);
  26   4           }
  27   3            if(Keynum==11)
  28   3            {
  29   4              if(Password==2345)
  30   4                      {
  31   5                          LCD_ShowString(1,14,"OK");
  32   5                          Password=0;
  33   5                          count=0;
  34   5                          LCD_ShowNum(2,1,Password,4);
  35   5                      }
  36   4                      else
  37   4                      {
  38   5                          LCD_ShowString(1,14,"ERR");
  39   5                          Password=0;
  40   5                          count=0;
  41   5                          LCD_ShowNum(2,1,Password,4);
  42   5                      }
  43   4            }
  44   3            if(Keynum==12)
  45   3                  {
  46   4                      Password=0;
  47   4                      count--;
  48   4                      LCD_ShowNum(2,1,Password,4);
  49   4                  }
  50   3          }
  51   2        }
  52   1      }


C51 COMPILER V9.59.0.0   MAIN                                                              12/02/2025 01:00:49 PAGE 2   

MODULE INFORMATION:   STATIC OVERLAYABLE
   CODE SIZE        =    197    ----
   CONSTANT SIZE    =     17    ----
   XDATA SIZE       =   ----    ----
   PDATA SIZE       =   ----    ----
   DATA SIZE        =      5    ----
   IDATA SIZE       =   ----    ----
   BIT SIZE         =   ----    ----
END OF MODULE INFORMATION.


C51 COMPILATION COMPLETE.  0 WARNING(S),  0 ERROR(S)
