C51 COMPILER V9.59.0.0   MATRIXKEY                                                         10/30/2025 12:46:40 PAGE 1   


C51 COMPILER V9.59.0.0, COMPILATION OF MODULE MATRIXKEY
OBJECT MODULE PLACED IN .\Objects\MatrixKey.obj
COMPILER INVOKED BY: D:\software\keil\C51\BIN\C51.EXE MatrixKey.c OPTIMIZE(8,SPEED) BROWSE DEBUG OBJECTEXTEND PRINT(.\Li
                    -stings\MatrixKey.lst) TABS(2) OBJECT(.\Objects\MatrixKey.obj)

line level    source

   1          #include <REGX52.H>
   2          #include "delay.h"
   3          unsigned char MatrixKey()
   4          {
   5   1          unsigned char KeyNumber = 0;
   6   1          
   7   1          // ?1???(??P3_4,?????)
   8   1          P3 = 0xff;       // ??????
   9   1          P3_4 = 0;        // ???1?
  10   1          if (P3_0 == 0) { delay(20); while(P3_0==0); delay(20); KeyNumber=1; }
  11   1          if (P3_1 == 0) { delay(20); while(P3_1==0); delay(20); KeyNumber=5; }
  12   1          if (P3_2 == 0) { delay(20); while(P3_2==0); delay(20); KeyNumber=9; }
  13   1          if (P3_3 == 0) { delay(20); while(P3_3==0); delay(20); KeyNumber=13; }
  14   1          
  15   1          // ?2???(??P3_5,?????)
  16   1          P3 = 0xff;
  17   1          P3_5 = 0;        // ???2?
  18   1          if (P3_0 == 0) { delay(20); while(P3_0==0); delay(20); KeyNumber=2; }
  19   1          if (P3_1 == 0) { delay(20); while(P3_1==0); delay(20); KeyNumber=6; }
  20   1          if (P3_2 == 0) { delay(20); while(P3_2==0); delay(20); KeyNumber=10; }
  21   1          if (P3_3 == 0) { delay(20); while(P3_3==0); delay(20); KeyNumber=14; }
  22   1          
  23   1          // ?3???(??P3_6,?????)
  24   1          P3 = 0xff;
  25   1          P3_6 = 0;        // ???3?
  26   1          if (P3_0 == 0) { delay(20); while(P3_0==0); delay(20); KeyNumber=3; }
  27   1          if (P3_1 == 0) { delay(20); while(P3_1==0); delay(20); KeyNumber=7; }
  28   1          if (P3_2 == 0) { delay(20); while(P3_2==0); delay(20); KeyNumber=11; }
  29   1          if (P3_3 == 0) { delay(20); while(P3_3==0); delay(20); KeyNumber=15; }
  30   1          
  31   1          // ?4???(??P3_7,?????)
  32   1          P3 = 0xff;
  33   1          P3_7 = 0;        // ???4?
  34   1          if (P3_0 == 0) { delay(20); while(P3_0==0); delay(20); KeyNumber=4; }
  35   1          if (P3_1 == 0) { delay(20); while(P3_1==0); delay(20); KeyNumber=8; }
  36   1          if (P3_2 == 0) { delay(20); while(P3_2==0); delay(20); KeyNumber=12; }
  37   1          if (P3_3 == 0) { delay(20); while(P3_3==0); delay(20); KeyNumber=16; }
  38   1          
  39   1          return KeyNumber;
  40   1      }


MODULE INFORMATION:   STATIC OVERLAYABLE
   CODE SIZE        =    330    ----
   CONSTANT SIZE    =   ----    ----
   XDATA SIZE       =   ----    ----
   PDATA SIZE       =   ----    ----
   DATA SIZE        =   ----       1
   IDATA SIZE       =   ----    ----
   BIT SIZE         =   ----    ----
END OF MODULE INFORMATION.


C51 COMPILATION COMPLETE.  0 WARNING(S),  0 ERROR(S)
