C51 COMPILER V9.59.0.0   DISPLAY                                                           12/09/2025 16:49:11 PAGE 1   


C51 COMPILER V9.59.0.0, COMPILATION OF MODULE DISPLAY
OBJECT MODULE PLACED IN .\Objects\display.obj
COMPILER INVOKED BY: D:\software\keil\C51\BIN\C51.EXE display.c OPTIMIZE(8,SPEED) BROWSE INCDIR(..\计算器) DEBUG OBJECTE
                    -XTEND PRINT(.\Listings\display.lst) TABS(2) OBJECT(.\Objects\display.obj)

line level    source

   1          #include <REGX52.H>
   2          #include "keyboard.h"
   3          #include "lcd1602.h"
   4          #include "delay.h"
   5          #include "calculator.h"
   6          #include "globalvars.h"
   7          #include <math.h>
   8          #include <string.h>
   9          #include <stdio.h>
  10          
  11          // 显示函数
  12          // 显示当前输入的表达式和计算结果
  13            void display(void)
  14          {
  15   1          char show_res[17];  
  16   1          unsigned int abs_res = abs(result);  // 处理负数小数部分
  17   1      
  18   1          //第一行显示表达式
  19   1          LCD_ShowString(1, 1, (char *)expr);
  20   1          //清除残留字符
  21   1          if (strlen((char *)expr) < 16)
  22   1          {
  23   2      //    LCD_SetCursor(1, strlen((char *)expr) + 1);
  24   2            unsigned char i;
  25   2            for ( i = strlen((char *)expr); i < 16; i++)
  26   2            {
  27   3              LCD_ShowChar(1, i + 1, ' ');  // 用空格覆盖残留
  28   3            }
  29   2          }
  30   1          //第二行显示结果,兼容3位小数
  31   1          if (result >= 0)
  32   1          {
  33   2              sprintf(show_res, "=:+%d.%03d", result / 1000, abs_res % 1000);
  34   2          }
  35   1          else
  36   1          {
  37   2              sprintf(show_res, "=:-%d.%03d", abs_res / 1000, abs_res % 1000);
  38   2          }
  39   1          LCD_ShowString(2, 1, show_res);
  40   1      }


MODULE INFORMATION:   STATIC OVERLAYABLE
   CODE SIZE        =    171    ----
   CONSTANT SIZE    =     22    ----
   XDATA SIZE       =   ----    ----
   PDATA SIZE       =   ----    ----
   DATA SIZE        =   ----      20
   IDATA SIZE       =   ----    ----
   BIT SIZE         =   ----    ----
END OF MODULE INFORMATION.


C51 COMPILATION COMPLETE.  0 WARNING(S),  0 ERROR(S)
