C51 COMPILER V9.59.0.0   MAIN                                                              12/09/2025 16:45:56 PAGE 1   


C51 COMPILER V9.59.0.0, COMPILATION OF MODULE MAIN
OBJECT MODULE PLACED IN .\Objects\main.obj
COMPILER INVOKED BY: D:\software\keil\C51\BIN\C51.EXE main.c OPTIMIZE(8,SPEED) BROWSE INCDIR(..\计算器) DEBUG OBJECTEXTE
                    -ND PRINT(.\Listings\main.lst) TABS(2) OBJECT(.\Objects\main.obj)

line level    source

   1          #include <REGX52.H>
   2          #include "keyboard.h"
   3          #include "lcd1602.h"
   4          #include "delay.h"
   5          #include "calculator.h"
   6          #include "globalvars.h"
   7          #include <math.h>
   8          #include <string.h>
   9          #include <stdio.h>
  10          #include "display.h"
  11          
  12          
  13          
  14          
  15          void main(void) 
  16          {
  17   1          // 初始化：I/O口、显示模块（根据硬件补充）
  18   1          P1_0 = 1;  // 初始指示灯熄灭（普通模式灯）
  19   1          P1_1 = 1;  // FN模式灯熄灭
  20   1          P3 = 0xff; // 按键口初始化为高电平（上拉输入）
  21   1         
  22   1          // LCD初始化（若有显示模块，需添加）
  23   1      //     lcd_init();
  24   1           display();  // 初始显示空表达式和0结果
  25   1      
  26   1          while (1) 
  27   1          {  // 死循环，持续扫描
  28   2              // 扫描独立按键切换模式
  29   2              key_duli();        
  30   2              //  扫描矩阵键盘
  31   2              key_to_data();        
  32   2              // 处理按键输入
  33   2              key_process();        
  34   2              // 刷新显示
  35   2              display();        
  36   2              //  延时
  37   2      //        delay(10);
  38   2          }
  39   1      }


MODULE INFORMATION:   STATIC OVERLAYABLE
   CODE SIZE        =     24    ----
   CONSTANT SIZE    =   ----    ----
   XDATA SIZE       =   ----    ----
   PDATA SIZE       =   ----    ----
   DATA SIZE        =   ----    ----
   IDATA SIZE       =   ----    ----
   BIT SIZE         =   ----    ----
END OF MODULE INFORMATION.


C51 COMPILATION COMPLETE.  0 WARNING(S),  0 ERROR(S)
