C51 COMPILER V9.59.0.0   DELAY                                                             01/19/2026 09:41:39 PAGE 1   


C51 COMPILER V9.59.0.0, COMPILATION OF MODULE DELAY
OBJECT MODULE PLACED IN .\Objects\delay.obj
COMPILER INVOKED BY: D:\software\keil\C51\BIN\C51.EXE delay.c OPTIMIZE(8,SPEED) BROWSE DEBUG OBJECTEXTEND PRINT(.\Listin
                    -gs\delay.lst) TABS(2) OBJECT(.\Objects\delay.obj)

line level    source

   1          void delay(unsigned int xms)    //@11.0592MHz
   2          {
   3   1        unsigned char i, j;
   4   1        while(xms)
   5   1        {
   6   2          i = 11;
   7   2        j = 190;
   8   2        do
   9   2        {
  10   3          while (--j);
  11   3        } while (--i);
  12   2          xms=xms-1;
  13   2        }
  14   1        
  15   1      }


MODULE INFORMATION:   STATIC OVERLAYABLE
   CODE SIZE        =     20    ----
   CONSTANT SIZE    =   ----    ----
   XDATA SIZE       =   ----    ----
   PDATA SIZE       =   ----    ----
   DATA SIZE        =   ----    ----
   IDATA SIZE       =   ----    ----
   BIT SIZE         =   ----    ----
END OF MODULE INFORMATION.


C51 COMPILATION COMPLETE.  0 WARNING(S),  0 ERROR(S)
