C51 COMPILER V9.59.0.0   MAIN                                                              01/19/2026 09:58:04 PAGE 1   


C51 COMPILER V9.59.0.0, COMPILATION OF MODULE MAIN
OBJECT MODULE PLACED IN .\Objects\main.obj
COMPILER INVOKED BY: D:\software\keil\C51\BIN\C51.EXE main.c OPTIMIZE(8,SPEED) BROWSE DEBUG OBJECTEXTEND PRINT(.\Listing
                    -s\main.lst) TABS(2) OBJECT(.\Objects\main.obj)

line level    source

   1          #include <reg51.h>
   2          #include "delay.h"
   3          #include "MatrixLED.h"
   4          void main()
   5          {
   6   1          LED_Init();
*** WARNING C206 IN LINE 6 OF main.c: 'LED_Init': missing function-prototype
   7   1          while (1)
   8   1          {
   9   2              ShowColumn(0,0x3c);
*** WARNING C206 IN LINE 9 OF main.c: 'ShowColumn': missing function-prototype
*** ERROR C267 IN LINE 9 OF main.c: 'ShowColumn': requires ANSI-style prototype
  10   2              ShowColumn(1,0x42);
  11   2              ShowColumn(2,0xA9);
  12   2              ShowColumn(3,0x85);
  13   2              ShowColumn(4,0x85);
  14   2              ShowColumn(5,0xA9);
  15   2              ShowColumn(6,0x42);
  16   2              ShowColumn(7,0x3c);
  17   2          }
  18   1          
  19   1      }

C51 COMPILATION COMPLETE.  2 WARNING(S),  1 ERROR(S)
