C51 COMPILER V9.59.0.0   MATRIXLED                                                         01/19/2026 09:54:21 PAGE 1   


C51 COMPILER V9.59.0.0, COMPILATION OF MODULE MATRIXLED
OBJECT MODULE PLACED IN .\Objects\MatrixLED.obj
COMPILER INVOKED BY: D:\software\keil\C51\BIN\C51.EXE MatrixLED.c OPTIMIZE(8,SPEED) BROWSE DEBUG OBJECTEXTEND PRINT(.\Li
                    -stings\MatrixLED.lst) TABS(2) OBJECT(.\Objects\MatrixLED.obj)

line level    source

   1          #include <reg51.h>
   2          #include "delay.h"
   3          #include "MatrixLED.h"
   4          sbit DIO=P3^4;
   5          sbit S_CLK=P3^5;//ËæìÂÖ•Áßª‰ΩçÂØÑÂ≠òÂô®
   6          sbit R_CLK=P3^6;//ËæìÂá∫Áßª‰ΩçÂØÑÂ≠òÂô®
   7          
   8          #define LED_PORT P0
   9          /* *
  10             *74HC595ÂÜôÂÖ•‰∏Ä‰∏™Â≠óËäÇÁöÑÊï∞ÊçÆ
  11             *Byte‰∏∫Ë¶ÅÂÜôÂÖ•ÁöÑÂ≠óËäÇ
  12             * 
  13             */
  14          void _74HC595_Write(unsigned char Byte)
  15          {
  16   1          unsigned char i;
  17   1          for ( i = 0; i < 8; i++)
  18   1          {
  19   2              DIO=Byte&(0x80>>i);
  20   2              S_CLK=1;
  21   2              S_CLK=0;
  22   2          }
  23   1          R_CLK=0;
  24   1          R_CLK=1;
  25   1      }
  26          /* *
  27             *ledÁÇπÈòµÂ±èÂàùÂßãÂåñ
  28             */
  29          void LED_Init()
  30          {
  31   1          R_CLK=0;
  32   1          S_CLK=0;
  33   1      }
  34          
  35          /* *
  36             *ledÁÇπÈòµÂ±èÊòæÁ§∫‰∏ÄÂàóÊï∞ÊçÆ
  37             *column‰∏∫ÈÄâÊã©ÁöÑÂàó
  38             * data‰∏∫ÊòæÁ§∫ÁöÑÊï∞ÊçÆÈ´ò‰ΩçÂú®‰∏äÔºå1‰∏∫‰∫Æ
  39             */
  40          void ShowColumn(unsigned char column,unsigned char Data)//column‰∏∫ÈÄâÊã©ÊòæÁ§∫ÁöÑÂàóÔºådataÊòØÈúÄË¶ÅÊòæÁ§
             -∫ÁöÑÊï∞ÊçÆ
  41          {
  42   1          _74HC595_Write(Data);
  43   1          LED_PORT=~(0x80>>column);
  44   1          delay(1);
  45   1          LED_PORT=0xff;
  46   1      }                  


MODULE INFORMATION:   STATIC OVERLAYABLE
   CODE SIZE        =     95    ----
   CONSTANT SIZE    =   ----    ----
   XDATA SIZE       =   ----    ----
   PDATA SIZE       =   ----    ----
C51 COMPILER V9.59.0.0   MATRIXLED                                                         01/19/2026 09:54:21 PAGE 2   

   DATA SIZE        =   ----    ----
   IDATA SIZE       =   ----    ----
   BIT SIZE         =   ----    ----
END OF MODULE INFORMATION.


C51 COMPILATION COMPLETE.  0 WARNING(S),  0 ERROR(S)
