C51 COMPILER V9.59.0.0   KEY                                                               11/01/2025 11:52:28 PAGE 1   


C51 COMPILER V9.59.0.0, COMPILATION OF MODULE KEY
OBJECT MODULE PLACED IN .\Objects\Key.obj
COMPILER INVOKED BY: D:\software\keil\C51\BIN\C51.EXE Key.c OPTIMIZE(8,SPEED) BROWSE DEBUG OBJECTEXTEND PRINT(.\Listings
                    -\Key.lst) TABS(2) OBJECT(.\Objects\Key.obj)

line level    source

   1          #include <REGX52.H>
   2          #include "delay.h"
   3          unsigned char Key(void) {
   4   1          unsigned char Keynumber = 0;  // ???0(???)
   5   1          
   6   1          // ??P3_0??(????1)
   7   1          if(P3_0 == 0) {               // ????(???)
   8   2              delay(20);                // ??
   9   2              if(P3_0 == 0) {           // ????
  10   3                  Keynumber = 1;
  11   3                  // ??:??????,??????????
  12   3                  while(P3_0 == 0);     // ????
  13   3                  delay(20);            // ???????
  14   3              }
  15   2          }
  16   1          // ??P3_1??(????2)
  17   1          else if(P3_1 == 0) {          // ?else if????????????
  18   2              delay(20);
  19   2              if(P3_1 == 0) {
  20   3                  Keynumber = 2;
  21   3                  while(P3_1 == 0);
  22   3                  delay(20);
  23   3              }
  24   2          }
  25   1          // ??P3_2??(????3)
  26   1          else if(P3_2 == 0) {
  27   2              delay(20);
  28   2              if(P3_2 == 0) {
  29   3                  Keynumber = 3;
  30   3                  while(P3_2 == 0);
  31   3                  delay(20);
  32   3              }
  33   2          }
  34   1          // ??P3_3??(????4)
  35   1          else if(P3_3 == 0) {
  36   2              delay(20);
  37   2              if(P3_3 == 0) {
  38   3                  Keynumber = 4;
  39   3                  while(P3_3 == 0);
  40   3                  delay(20);
  41   3              }
  42   2          }
  43   1          
  44   1          return Keynumber;
  45   1      }


MODULE INFORMATION:   STATIC OVERLAYABLE
   CODE SIZE        =     85    ----
   CONSTANT SIZE    =   ----    ----
   XDATA SIZE       =   ----    ----
   PDATA SIZE       =   ----    ----
   DATA SIZE        =   ----       1
   IDATA SIZE       =   ----    ----
C51 COMPILER V9.59.0.0   KEY                                                               11/01/2025 11:52:28 PAGE 2   

   BIT SIZE         =   ----    ----
END OF MODULE INFORMATION.


C51 COMPILATION COMPLETE.  0 WARNING(S),  0 ERROR(S)
