C51 COMPILER V9.59.0.0   MAIN                                                              11/10/2025 20:40:02 PAGE 1   


C51 COMPILER V9.59.0.0, COMPILATION OF MODULE MAIN
OBJECT MODULE PLACED IN .\Objects\main.obj
COMPILER INVOKED BY: D:\software\keil\C51\BIN\C51.EXE main.c OPTIMIZE(8,SPEED) BROWSE DEBUG OBJECTEXTEND PRINT(.\Listing
                    -s\main.lst) TABS(2) OBJECT(.\Objects\main.obj)

line level    source

   1          #include <REGX52.H>
   2          #include "delay.h"
   3          #include "Key.h"
   4          #include "intrins.h"
   5          void Timer0_Init()
   6          { 
   7   1        
   8   1        TMOD &= 0xF0;   
   9   1        TMOD |= 0x01;   
  10   1        TL0 = 0xFF;   
  11   1        TH0 = 0xFF;   
  12   1        TF0 = 0;    
  13   1        TR0 = 1;      
  14   1        ET0=1;
  15   1        EA=1;
  16   1        PT0=0;
  17   1      }
  18          unsigned char Keynum,ledmode;
  19          void main()
  20          {
  21   1        P1=0xfe;
  22   1        Timer0_Init();
  23   1        while(1)
  24   1        {
  25   2          Keynum=Key();
  26   2          if(Keynum)
  27   2          {   if(Keynum==1)
  28   3              {
  29   4                ledmode++;
  30   4                if(ledmode>=2)
  31   4                  ledmode=0;
  32   4              }
  33   3          }   
  34   2        }
  35   1      }
  36          
  37          
  38          void Timer0_Routine() interrupt 1
  39          {
  40   1          static unsigned int T0Count;
  41   1          TL0=0x18;  
  42   1          TH0=0xfc;
  43   1          T0Count++;
  44   1          if(T0Count>=500)  
  45   1          {
  46   2              T0Count=0;
  47   2              if(ledmode==0)
  48   2                  P1 = _crol_(P1, 1);  
  49   2              if(ledmode==1)
  50   2                  P1 = _cror_(P1, 1);  
  51   2          }
  52   1      }


C51 COMPILER V9.59.0.0   MAIN                                                              11/10/2025 20:40:02 PAGE 2   

MODULE INFORMATION:   STATIC OVERLAYABLE
   CODE SIZE        =    156    ----
   CONSTANT SIZE    =   ----    ----
   XDATA SIZE       =   ----    ----
   PDATA SIZE       =   ----    ----
   DATA SIZE        =      4    ----
   IDATA SIZE       =   ----    ----
   BIT SIZE         =   ----    ----
END OF MODULE INFORMATION.


C51 COMPILATION COMPLETE.  0 WARNING(S),  0 ERROR(S)
