C51 COMPILER V9.59.0.0   MAIN                                                              12/16/2025 09:18:28 PAGE 1   


C51 COMPILER V9.59.0.0, COMPILATION OF MODULE MAIN
OBJECT MODULE PLACED IN .\Objects\main.obj
COMPILER INVOKED BY: D:\software\keil\C51\BIN\C51.EXE main.c OPTIMIZE(8,SPEED) BROWSE DEBUG OBJECTEXTEND PRINT(.\Listing
                    -s\main.lst) TABS(2) OBJECT(.\Objects\main.obj)

line level    source

   1          #include <REGX52.H>
   2          //串口UART通讯配置
   3          void UART_Init(void)    //4800bps@11.0592MHz
   4          {
   5   1        PCON &= 0x7F;   //波特率不倍速
   6   1        SCON = 0x50;    //8位数据,可变波特率
   7   1        TMOD &= 0x0F;   //清除定时器1模式位
   8   1        TMOD |= 0x20;   //设定定时器1为8位自动重装方式
   9   1        TL1 = 0xFA;   //设定定时初值
  10   1        TH1 = 0xFA;   //设定定时器重装值
  11   1        ET1 = 0;    //禁止定时器1中断
  12   1        TR1 = 1;    //启动定时器1
  13   1        EA=1;
  14   1        ES=1;
  15   1      }
  16          void UART_sendyte(unsigned char byte)
  17          {
  18   1        SBUF=byte;
  19   1        while(TI==0);
  20   1        TI=0;
  21   1        
  22   1      }
  23          void main()
  24          {
  25   1        UART_Init();
  26   1        while(1)
  27   1        {
  28   2          
  29   2        }
  30   1      }
  31          void UART_Routine() interrupt 4
  32          {
  33   1          if(RI==1)
  34   1          {
  35   2              P1=SBUF;
  36   2              UART_sendyte(SBUF);
  37   2              RI=0;
  38   2          }
  39   1      }


MODULE INFORMATION:   STATIC OVERLAYABLE
   CODE SIZE        =     65    ----
   CONSTANT SIZE    =   ----    ----
   XDATA SIZE       =   ----    ----
   PDATA SIZE       =   ----    ----
   DATA SIZE        =   ----    ----
   IDATA SIZE       =   ----    ----
   BIT SIZE         =   ----    ----
END OF MODULE INFORMATION.


C51 COMPILATION COMPLETE.  0 WARNING(S),  0 ERROR(S)
