C51 COMPILER V9.59.0.0   MAIN                                                              10/28/2025 18:36:00 PAGE 1   


C51 COMPILER V9.59.0.0, COMPILATION OF MODULE MAIN
OBJECT MODULE PLACED IN .\Objects\main.obj
COMPILER INVOKED BY: D:\software\keil\C51\BIN\C51.EXE main.c OPTIMIZE(8,SPEED) BROWSE DEBUG OBJECTEXTEND PRINT(.\Listing
                    -s\main.lst) TABS(2) OBJECT(.\Objects\main.obj)

line level    source

   1          #include <REGX52.H>
   2          void Delay1ms()   //@11.0592MHz
   3          {
   4   1        unsigned char i, j;
   5   1      
   6   1      
   7   1        i = 11;
   8   1        j = 190;
   9   1        do
  10   1        {
  11   2          while (--j);
  12   2        } while (--i);
  13   1      }
  14          
  15          
  16          sbit WE = P2 ^ 7;
  17          sbit DU = P2 ^ 6;
  18          int main()
  19          {
  20   1        while (1)
  21   1        {
  22   2          P0 = 0xff;
  23   2      
  24   2          WE = 1;
  25   2          P0_0 = 1;
  26   2          WE = 0;
  27   2          DU = 1;
  28   2          P0 = 0xfe;
  29   2          DU = 0;
  30   2          Delay1ms();
  31   2      
  32   2          WE = 1;
  33   2          P0_1 = 1;
  34   2          WE = 0;
  35   2          DU = 1;
  36   2          P0 = 0x5b;
  37   2          DU = 0;
  38   2          Delay1ms();
  39   2      
  40   2          WE = 1;
  41   2          P0_2 = 1;
  42   2          WE = 0;
  43   2          DU = 1;
  44   2          P0 = 0x7d;
  45   2          DU = 0;
  46   2          Delay1ms();
  47   2        }
  48   1      
  49   1      }
  50          void nixie(unsigned char location, unsigned char number)
  51          {
  52   1        switch(location)
  53   1          case 1:
  54   1      }
C51 COMPILER V9.59.0.0   MAIN                                                              10/28/2025 18:36:00 PAGE 2   

*** ERROR C141 IN LINE 54 OF main.c: syntax error near '}', expected '__asm'
  55          //#include <REGX52.H>
  56          //#define _CRT_SECURE_NO_WARNINGS
  57          //
  58          //
  59          //
  60          //void Delay1ms()   //@11.0592MHz
  61          //{
  62          //  unsigned char i, j;
  63          //
  64          //
  65          //  i = 11;
  66          //  j = 190;
  67          //  do
  68          //  {
  69          //    while (--j);
  70          //  } while (--i);
  71          //}
  72          //
  73          //
  74          //sbit WE = P2 ^ 7;
  75          //sbit DU = P2 ^ 6;
  76          //int main()
  77          //{
  78          //  while (1)
  79          //  {
  80          //
  81          //
  82          //    WE = 1;
  83          //    P0 = 0xfe;
  84          //    WE = 0;
  85          //    DU = 1;
  86          //    P0 = 0x06;
  87          //    DU = 0;
  88          //    Delay1ms();
  89          //
  90          //
  91          //    WE = 1;
  92          //    P0 = 0xfd;
  93          //    WE = 0;
  94          //    DU = 1;
  95          //    P0 = 0x5b;
  96          //    DU = 0;
  97          //    Delay1ms();
  98          //
  99          //
 100          //    WE = 1;
 101          //    P0 = 0xfb;
 102          //    WE = 0;
 103          //    DU = 1;
 104          //    P0 = 0x4f;
 105          //    DU = 0;
 106          //    Delay1ms();
 107          //  }
 108          //
 109          //}

C51 COMPILATION COMPLETE.  0 WARNING(S),  1 ERROR(S)
