C51 COMPILER V9.59.0.0   MAIN                                                              12/02/2025 00:25:26 PAGE 1   


C51 COMPILER V9.59.0.0, COMPILATION OF MODULE MAIN
OBJECT MODULE PLACED IN .\Objects\main.obj
COMPILER INVOKED BY: D:\software\keil\C51\BIN\C51.EXE main.c OPTIMIZE(8,SPEED) BROWSE DEBUG OBJECTEXTEND PRINT(.\Listing
                    -s\main.lst) TABS(2) OBJECT(.\Objects\main.obj)

line level    source

   1          #include <REGX52.H>
   2          void delay(unsigned int xms)    //@11.0592MHz
   3          {
   4   1        unsigned char i, j;
   5   1        while(xms)
   6   1        {
   7   2          i = 11;
   8   2        j = 190;
   9   2        do
  10   2        {
  11   3          while (--j);
  12   3        } while (--i);
  13   2          xms=xms-1;
  14   2        }
  15   1        
  16   1      }
  17          int fn_flag=0;
  18          unsigned char key_fn()
  19          {
  20   1              
  21   1          if(P3_3==0)  
  22   1          {
  23   2              delay(20);            
  24   2              if(P3_3==0)
  25   2              {           
  26   3                  fn_flag = !fn_flag;  
  27   3                  while(P3_3==0);  
  28   3              }
  29   2          }       
  30   1          return fn_flag;
  31   1      }
  32          void main()
  33          {
  34   1        while(1)
  35   1        {
  36   2          key_fn();
  37   2          if(fn_flag==1)
  38   2          {
  39   3            
  40   3            P1_0=0;
  41   3          }
  42   2          
  43   2          else if(fn_flag==0)
  44   2            P1_0=1;
  45   2        }
  46   1      }
  47            


MODULE INFORMATION:   STATIC OVERLAYABLE
   CODE SIZE        =     81    ----
   CONSTANT SIZE    =   ----    ----
   XDATA SIZE       =   ----    ----
   PDATA SIZE       =   ----    ----
C51 COMPILER V9.59.0.0   MAIN                                                              12/02/2025 00:25:26 PAGE 2   

   DATA SIZE        =      2    ----
   IDATA SIZE       =   ----    ----
   BIT SIZE         =   ----    ----
END OF MODULE INFORMATION.


C51 COMPILATION COMPLETE.  0 WARNING(S),  0 ERROR(S)
